# JRE version: OpenJDK Runtime Environment (11.0.1+13) (build 11.0.1+13-LTS)
# Java VM: OpenJDK 64-Bit Server VM (11.0.1+13-LTS, mixed mode, tiered, compressed oops, g1 gc, linux-amd64)
Heap:
 garbage-first heap   total 2097152K, used 1241558K [0x0000001000400000, 0x000000177e400000)
  region size 4096K, 306 young (1253376K), 3 survivors (12288K)
 Metaspace       used 18579K, capacity 18912K, committed 19328K, reserved 1067008K
  class space    used 1950K, capacity 2109K, committed 2176K, reserved 1048576K
GC Heap History (6 events):
Event: 1.681 GC heap before
{Heap before GC invocations=0 (full 0):
 garbage-first heap   total 2097152K, used 102400K [0x0000001000400000, 0x000000177e400000)
  region size 4096K, 25 young (102400K), 0 survivors (0K)
 Metaspace       used 18265K, capacity 18570K, committed 18944K, reserved 1067008K
  class space    used 1909K, capacity 2036K, committed 2048K, reserved 1048576K
}
Event: 1.717 GC heap after
{Heap after GC invocations=1 (full 0):
 garbage-first heap   total 2097152K, used 7468K [0x0000001000400000, 0x000000177e400000)
  region size 4096K, 2 young (8192K), 2 survivors (8192K)
 Metaspace       used 18265K, capacity 18570K, committed 18944K, reserved 1067008K
  class space    used 1909K, capacity 2036K, committed 2048K, reserved 1048576K
}
Event: 2.735 GC heap before
{Heap before GC invocations=1 (full 0):
 garbage-first heap   total 2097152K, used 101676K [0x0000001000400000, 0x000000177e400000)
  region size 4096K, 25 young (102400K), 2 survivors (8192K)
 Metaspace       used 18331K, capacity 18634K, committed 18944K, reserved 1067008K
  class space    used 1914K, capacity 2036K, committed 2048K, reserved 1048576K
}
Event: 2.749 GC heap after
{Heap after GC invocations=2 (full 0):
 garbage-first heap   total 2097152K, used 8474K [0x0000001000400000, 0x000000177e400000)
  region size 4096K, 3 young (12288K), 3 survivors (12288K)
 Metaspace       used 18331K, capacity 18634K, committed 18944K, reserved 1067008K
  class space    used 1914K, capacity 2036K, committed 2048K, reserved 1048576K
}
Event: 3.717 GC heap before
{Heap before GC invocations=2 (full 0):
 garbage-first heap   total 2097152K, used 131354K [0x0000001000400000, 0x000000177e400000)
  region size 4096K, 34 young (139264K), 3 survivors (12288K)
 Metaspace       used 18355K, capacity 18634K, committed 18944K, reserved 1067008K
  class space    used 1914K, capacity 2036K, committed 2048K, reserved 1048576K
}
Event: 3.729 GC heap after
{Heap after GC invocations=3 (full 0):
 garbage-first heap   total 2097152K, used 8662K [0x0000001000400000, 0x000000177e400000)
  region size 4096K, 3 young (12288K), 3 survivors (12288K)
 Metaspace       used 18355K, capacity 18634K, committed 18944K, reserved 1067008K
  class space    used 1914K, capacity 2036K, committed 2048K, reserved 1048576K
}

